{"/home/kali/Desktop/SR10/myapp/app.js": {"path":"/home/kali/Desktop/SR10/myapp/app.js","statementMap":{"0":{"start":{"line":1,"column":18},"end":{"line":1,"column":40}},"1":{"start":{"line":2,"column":14},"end":{"line":2,"column":32}},"2":{"start":{"line":3,"column":11},"end":{"line":3,"column":26}},"3":{"start":{"line":4,"column":19},"end":{"line":4,"column":43}},"4":{"start":{"line":5,"column":13},"end":{"line":5,"column":30}},"5":{"start":{"line":7,"column":18},"end":{"line":7,"column":43}},"6":{"start":{"line":8,"column":18},"end":{"line":8,"column":43}},"7":{"start":{"line":10,"column":10},"end":{"line":10,"column":19}},"8":{"start":{"line":13,"column":0},"end":{"line":13,"column":48}},"9":{"start":{"line":14,"column":0},"end":{"line":14,"column":30}},"10":{"start":{"line":16,"column":0},"end":{"line":16,"column":23}},"11":{"start":{"line":17,"column":0},"end":{"line":17,"column":24}},"12":{"start":{"line":18,"column":0},"end":{"line":18,"column":49}},"13":{"start":{"line":19,"column":0},"end":{"line":19,"column":24}},"14":{"start":{"line":20,"column":0},"end":{"line":20,"column":56}},"15":{"start":{"line":22,"column":0},"end":{"line":22,"column":26}},"16":{"start":{"line":23,"column":0},"end":{"line":23,"column":31}},"17":{"start":{"line":26,"column":0},"end":{"line":28,"column":3}},"18":{"start":{"line":27,"column":2},"end":{"line":27,"column":25}},"19":{"start":{"line":31,"column":0},"end":{"line":39,"column":3}},"20":{"start":{"line":33,"column":2},"end":{"line":33,"column":35}},"21":{"start":{"line":34,"column":2},"end":{"line":34,"column":69}},"22":{"start":{"line":37,"column":2},"end":{"line":37,"column":32}},"23":{"start":{"line":38,"column":2},"end":{"line":38,"column":22}},"24":{"start":{"line":41,"column":0},"end":{"line":41,"column":21}}},"fnMap":{"0":{"name":"(anonymous_0)","decl":{"start":{"line":26,"column":8},"end":{"line":26,"column":9}},"loc":{"start":{"line":26,"column":33},"end":{"line":28,"column":1}},"line":26},"1":{"name":"(anonymous_1)","decl":{"start":{"line":31,"column":8},"end":{"line":31,"column":9}},"loc":{"start":{"line":31,"column":38},"end":{"line":39,"column":1}},"line":31}},"branchMap":{"0":{"loc":{"start":{"line":34,"column":21},"end":{"line":34,"column":68}},"type":"cond-expr","locations":[{"start":{"line":34,"column":60},"end":{"line":34,"column":63}},{"start":{"line":34,"column":66},"end":{"line":34,"column":68}}],"line":34},"1":{"loc":{"start":{"line":37,"column":13},"end":{"line":37,"column":30}},"type":"binary-expr","locations":[{"start":{"line":37,"column":13},"end":{"line":37,"column":23}},{"start":{"line":37,"column":27},"end":{"line":37,"column":30}}],"line":37}},"s":{"0":1,"1":1,"2":1,"3":1,"4":1,"5":1,"6":1,"7":1,"8":1,"9":1,"10":1,"11":1,"12":1,"13":1,"14":1,"15":1,"16":1,"17":1,"18":0,"19":1,"20":0,"21":0,"22":0,"23":0,"24":1},"f":{"0":0,"1":0},"b":{"0":[0,0],"1":[0,0]},"_coverageSchema":"1a1c01bbd47fc00a2c39e90264f33305004495a9","hash":"4840e293eb7699add872c361230ecfe617a93912"}
,"/home/kali/Desktop/SR10/myapp/model/db.js": {"path":"/home/kali/Desktop/SR10/myapp/model/db.js","statementMap":{"0":{"start":{"line":1,"column":12},"end":{"line":1,"column":28}},"1":{"start":{"line":2,"column":11},"end":{"line":7,"column":2}},"2":{"start":{"line":9,"column":0},"end":{"line":9,"column":22}}},"fnMap":{},"branchMap":{},"s":{"0":2,"1":2,"2":2},"f":{},"b":{},"_coverageSchema":"1a1c01bbd47fc00a2c39e90264f33305004495a9","hash":"9548cf079e76574fef7be4f346ec2489556c1aae"}
,"/home/kali/Desktop/SR10/myapp/model/user.js": {"path":"/home/kali/Desktop/SR10/myapp/model/user.js","statementMap":{"0":{"start":{"line":18,"column":9},"end":{"line":18,"column":27}},"1":{"start":{"line":20,"column":0},"end":{"line":66,"column":1}},"2":{"start":{"line":22,"column":8},"end":{"line":25,"column":11}},"3":{"start":{"line":23,"column":12},"end":{"line":23,"column":31}},"4":{"start":{"line":23,"column":21},"end":{"line":23,"column":31}},"5":{"start":{"line":24,"column":12},"end":{"line":24,"column":30}},"6":{"start":{"line":28,"column":8},"end":{"line":31,"column":11}},"7":{"start":{"line":29,"column":12},"end":{"line":29,"column":31}},"8":{"start":{"line":29,"column":21},"end":{"line":29,"column":31}},"9":{"start":{"line":30,"column":12},"end":{"line":30,"column":30}},"10":{"start":{"line":34,"column":8},"end":{"line":34,"column":63}},"11":{"start":{"line":35,"column":8},"end":{"line":42,"column":11}},"12":{"start":{"line":36,"column":12},"end":{"line":36,"column":31}},"13":{"start":{"line":36,"column":21},"end":{"line":36,"column":31}},"14":{"start":{"line":37,"column":12},"end":{"line":41,"column":13}},"15":{"start":{"line":38,"column":16},"end":{"line":38,"column":30}},"16":{"start":{"line":40,"column":16},"end":{"line":40,"column":32}},"17":{"start":{"line":45,"column":8},"end":{"line":45,"column":72}},"18":{"start":{"line":46,"column":8},"end":{"line":49,"column":11}},"19":{"start":{"line":47,"column":12},"end":{"line":47,"column":31}},"20":{"start":{"line":47,"column":21},"end":{"line":47,"column":31}},"21":{"start":{"line":48,"column":12},"end":{"line":48,"column":30}},"22":{"start":{"line":50,"column":8},"end":{"line":50,"column":21}},"23":{"start":{"line":53,"column":8},"end":{"line":53,"column":45}},"24":{"start":{"line":54,"column":8},"end":{"line":57,"column":11}},"25":{"start":{"line":55,"column":12},"end":{"line":55,"column":31}},"26":{"start":{"line":55,"column":21},"end":{"line":55,"column":31}},"27":{"start":{"line":56,"column":12},"end":{"line":56,"column":30}},"28":{"start":{"line":60,"column":8},"end":{"line":60,"column":65}},"29":{"start":{"line":61,"column":8},"end":{"line":64,"column":10}},"30":{"start":{"line":62,"column":12},"end":{"line":62,"column":31}},"31":{"start":{"line":62,"column":21},"end":{"line":62,"column":31}},"32":{"start":{"line":63,"column":12},"end":{"line":63,"column":30}}},"fnMap":{"0":{"name":"(anonymous_0)","decl":{"start":{"line":21,"column":10},"end":{"line":21,"column":11}},"loc":{"start":{"line":21,"column":46},"end":{"line":26,"column":5}},"line":21},"1":{"name":"(anonymous_1)","decl":{"start":{"line":22,"column":85},"end":{"line":22,"column":86}},"loc":{"start":{"line":22,"column":108},"end":{"line":25,"column":9}},"line":22},"2":{"name":"(anonymous_2)","decl":{"start":{"line":27,"column":13},"end":{"line":27,"column":14}},"loc":{"start":{"line":27,"column":33},"end":{"line":32,"column":5}},"line":27},"3":{"name":"(anonymous_3)","decl":{"start":{"line":28,"column":46},"end":{"line":28,"column":47}},"loc":{"start":{"line":28,"column":70},"end":{"line":31,"column":9}},"line":28},"4":{"name":"(anonymous_4)","decl":{"start":{"line":33,"column":14},"end":{"line":33,"column":15}},"loc":{"start":{"line":33,"column":51},"end":{"line":43,"column":5}},"line":33},"5":{"name":"(anonymous_5)","decl":{"start":{"line":35,"column":36},"end":{"line":35,"column":37}},"loc":{"start":{"line":35,"column":60},"end":{"line":42,"column":9}},"line":35},"6":{"name":"(anonymous_6)","decl":{"start":{"line":44,"column":12},"end":{"line":44,"column":13}},"loc":{"start":{"line":44,"column":123},"end":{"line":51,"column":5}},"line":44},"7":{"name":"(anonymous_7)","decl":{"start":{"line":46,"column":113},"end":{"line":46,"column":114}},"loc":{"start":{"line":46,"column":136},"end":{"line":49,"column":9}},"line":46},"8":{"name":"(anonymous_8)","decl":{"start":{"line":52,"column":12},"end":{"line":52,"column":13}},"loc":{"start":{"line":52,"column":46},"end":{"line":58,"column":5}},"line":52},"9":{"name":"(anonymous_9)","decl":{"start":{"line":54,"column":37},"end":{"line":54,"column":38}},"loc":{"start":{"line":54,"column":60},"end":{"line":57,"column":9}},"line":54},"10":{"name":"(anonymous_10)","decl":{"start":{"line":59,"column":12},"end":{"line":59,"column":13}},"loc":{"start":{"line":59,"column":35},"end":{"line":65,"column":5}},"line":59},"11":{"name":"(anonymous_11)","decl":{"start":{"line":61,"column":26},"end":{"line":61,"column":27}},"loc":{"start":{"line":61,"column":48},"end":{"line":64,"column":9}},"line":61}},"branchMap":{"0":{"loc":{"start":{"line":23,"column":12},"end":{"line":23,"column":31}},"type":"if","locations":[{"start":{"line":23,"column":12},"end":{"line":23,"column":31}},{"start":{},"end":{}}],"line":23},"1":{"loc":{"start":{"line":29,"column":12},"end":{"line":29,"column":31}},"type":"if","locations":[{"start":{"line":29,"column":12},"end":{"line":29,"column":31}},{"start":{},"end":{}}],"line":29},"2":{"loc":{"start":{"line":36,"column":12},"end":{"line":36,"column":31}},"type":"if","locations":[{"start":{"line":36,"column":12},"end":{"line":36,"column":31}},{"start":{},"end":{}}],"line":36},"3":{"loc":{"start":{"line":37,"column":12},"end":{"line":41,"column":13}},"type":"if","locations":[{"start":{"line":37,"column":12},"end":{"line":41,"column":13}},{"start":{"line":39,"column":19},"end":{"line":41,"column":13}}],"line":37},"4":{"loc":{"start":{"line":37,"column":16},"end":{"line":37,"column":69}},"type":"binary-expr","locations":[{"start":{"line":37,"column":16},"end":{"line":37,"column":32}},{"start":{"line":37,"column":36},"end":{"line":37,"column":69}}],"line":37},"5":{"loc":{"start":{"line":47,"column":12},"end":{"line":47,"column":31}},"type":"if","locations":[{"start":{"line":47,"column":12},"end":{"line":47,"column":31}},{"start":{},"end":{}}],"line":47},"6":{"loc":{"start":{"line":55,"column":12},"end":{"line":55,"column":31}},"type":"if","locations":[{"start":{"line":55,"column":12},"end":{"line":55,"column":31}},{"start":{},"end":{}}],"line":55},"7":{"loc":{"start":{"line":62,"column":12},"end":{"line":62,"column":31}},"type":"if","locations":[{"start":{"line":62,"column":12},"end":{"line":62,"column":31}},{"start":{},"end":{}}],"line":62}},"s":{"0":1,"1":1,"2":1,"3":0,"4":0,"5":0,"6":0,"7":0,"8":0,"9":0,"10":0,"11":0,"12":0,"13":0,"14":0,"15":0,"16":0,"17":0,"18":0,"19":0,"20":0,"21":0,"22":0,"23":0,"24":0,"25":0,"26":0,"27":0,"28":0,"29":0,"30":0,"31":0,"32":0},"f":{"0":1,"1":0,"2":0,"3":0,"4":0,"5":0,"6":0,"7":0,"8":0,"9":0,"10":0,"11":0},"b":{"0":[0,0],"1":[0,0],"2":[0,0],"3":[0,0],"4":[0,0],"5":[0,0],"6":[0,0],"7":[0,0]},"_coverageSchema":"1a1c01bbd47fc00a2c39e90264f33305004495a9","hash":"e5fdc38ff652edc4577dbec0e4cd4cd372b0c243"}
,"/home/kali/Desktop/SR10/myapp/model/utilisateur.js": {"path":"/home/kali/Desktop/SR10/myapp/model/utilisateur.js","statementMap":{"0":{"start":{"line":18,"column":9},"end":{"line":18,"column":27}},"1":{"start":{"line":20,"column":0},"end":{"line":66,"column":1}},"2":{"start":{"line":22,"column":8},"end":{"line":25,"column":11}},"3":{"start":{"line":23,"column":12},"end":{"line":23,"column":31}},"4":{"start":{"line":23,"column":21},"end":{"line":23,"column":31}},"5":{"start":{"line":24,"column":12},"end":{"line":24,"column":30}},"6":{"start":{"line":28,"column":8},"end":{"line":31,"column":11}},"7":{"start":{"line":29,"column":12},"end":{"line":29,"column":31}},"8":{"start":{"line":29,"column":21},"end":{"line":29,"column":31}},"9":{"start":{"line":30,"column":12},"end":{"line":30,"column":30}},"10":{"start":{"line":34,"column":8},"end":{"line":34,"column":63}},"11":{"start":{"line":35,"column":8},"end":{"line":42,"column":11}},"12":{"start":{"line":36,"column":12},"end":{"line":36,"column":31}},"13":{"start":{"line":36,"column":21},"end":{"line":36,"column":31}},"14":{"start":{"line":37,"column":12},"end":{"line":41,"column":13}},"15":{"start":{"line":38,"column":16},"end":{"line":38,"column":30}},"16":{"start":{"line":40,"column":16},"end":{"line":40,"column":32}},"17":{"start":{"line":45,"column":8},"end":{"line":45,"column":72}},"18":{"start":{"line":46,"column":8},"end":{"line":49,"column":11}},"19":{"start":{"line":47,"column":12},"end":{"line":47,"column":31}},"20":{"start":{"line":47,"column":21},"end":{"line":47,"column":31}},"21":{"start":{"line":48,"column":12},"end":{"line":48,"column":30}},"22":{"start":{"line":50,"column":8},"end":{"line":50,"column":21}},"23":{"start":{"line":53,"column":8},"end":{"line":53,"column":45}},"24":{"start":{"line":54,"column":8},"end":{"line":57,"column":11}},"25":{"start":{"line":55,"column":12},"end":{"line":55,"column":31}},"26":{"start":{"line":55,"column":21},"end":{"line":55,"column":31}},"27":{"start":{"line":56,"column":12},"end":{"line":56,"column":30}},"28":{"start":{"line":60,"column":8},"end":{"line":60,"column":65}},"29":{"start":{"line":61,"column":8},"end":{"line":64,"column":10}},"30":{"start":{"line":62,"column":12},"end":{"line":62,"column":31}},"31":{"start":{"line":62,"column":21},"end":{"line":62,"column":31}},"32":{"start":{"line":63,"column":12},"end":{"line":63,"column":30}}},"fnMap":{"0":{"name":"(anonymous_0)","decl":{"start":{"line":21,"column":10},"end":{"line":21,"column":11}},"loc":{"start":{"line":21,"column":46},"end":{"line":26,"column":5}},"line":21},"1":{"name":"(anonymous_1)","decl":{"start":{"line":22,"column":85},"end":{"line":22,"column":86}},"loc":{"start":{"line":22,"column":108},"end":{"line":25,"column":9}},"line":22},"2":{"name":"(anonymous_2)","decl":{"start":{"line":27,"column":13},"end":{"line":27,"column":14}},"loc":{"start":{"line":27,"column":33},"end":{"line":32,"column":5}},"line":27},"3":{"name":"(anonymous_3)","decl":{"start":{"line":28,"column":46},"end":{"line":28,"column":47}},"loc":{"start":{"line":28,"column":70},"end":{"line":31,"column":9}},"line":28},"4":{"name":"(anonymous_4)","decl":{"start":{"line":33,"column":14},"end":{"line":33,"column":15}},"loc":{"start":{"line":33,"column":51},"end":{"line":43,"column":5}},"line":33},"5":{"name":"(anonymous_5)","decl":{"start":{"line":35,"column":36},"end":{"line":35,"column":37}},"loc":{"start":{"line":35,"column":60},"end":{"line":42,"column":9}},"line":35},"6":{"name":"(anonymous_6)","decl":{"start":{"line":44,"column":12},"end":{"line":44,"column":13}},"loc":{"start":{"line":44,"column":123},"end":{"line":51,"column":5}},"line":44},"7":{"name":"(anonymous_7)","decl":{"start":{"line":46,"column":113},"end":{"line":46,"column":114}},"loc":{"start":{"line":46,"column":136},"end":{"line":49,"column":9}},"line":46},"8":{"name":"(anonymous_8)","decl":{"start":{"line":52,"column":12},"end":{"line":52,"column":13}},"loc":{"start":{"line":52,"column":46},"end":{"line":58,"column":5}},"line":52},"9":{"name":"(anonymous_9)","decl":{"start":{"line":54,"column":37},"end":{"line":54,"column":38}},"loc":{"start":{"line":54,"column":60},"end":{"line":57,"column":9}},"line":54},"10":{"name":"(anonymous_10)","decl":{"start":{"line":59,"column":12},"end":{"line":59,"column":13}},"loc":{"start":{"line":59,"column":35},"end":{"line":65,"column":5}},"line":59},"11":{"name":"(anonymous_11)","decl":{"start":{"line":61,"column":26},"end":{"line":61,"column":27}},"loc":{"start":{"line":61,"column":48},"end":{"line":64,"column":9}},"line":61}},"branchMap":{"0":{"loc":{"start":{"line":23,"column":12},"end":{"line":23,"column":31}},"type":"if","locations":[{"start":{"line":23,"column":12},"end":{"line":23,"column":31}},{"start":{},"end":{}}],"line":23},"1":{"loc":{"start":{"line":29,"column":12},"end":{"line":29,"column":31}},"type":"if","locations":[{"start":{"line":29,"column":12},"end":{"line":29,"column":31}},{"start":{},"end":{}}],"line":29},"2":{"loc":{"start":{"line":36,"column":12},"end":{"line":36,"column":31}},"type":"if","locations":[{"start":{"line":36,"column":12},"end":{"line":36,"column":31}},{"start":{},"end":{}}],"line":36},"3":{"loc":{"start":{"line":37,"column":12},"end":{"line":41,"column":13}},"type":"if","locations":[{"start":{"line":37,"column":12},"end":{"line":41,"column":13}},{"start":{"line":39,"column":19},"end":{"line":41,"column":13}}],"line":37},"4":{"loc":{"start":{"line":37,"column":16},"end":{"line":37,"column":69}},"type":"binary-expr","locations":[{"start":{"line":37,"column":16},"end":{"line":37,"column":32}},{"start":{"line":37,"column":36},"end":{"line":37,"column":69}}],"line":37},"5":{"loc":{"start":{"line":47,"column":12},"end":{"line":47,"column":31}},"type":"if","locations":[{"start":{"line":47,"column":12},"end":{"line":47,"column":31}},{"start":{},"end":{}}],"line":47},"6":{"loc":{"start":{"line":55,"column":12},"end":{"line":55,"column":31}},"type":"if","locations":[{"start":{"line":55,"column":12},"end":{"line":55,"column":31}},{"start":{},"end":{}}],"line":55},"7":{"loc":{"start":{"line":62,"column":12},"end":{"line":62,"column":31}},"type":"if","locations":[{"start":{"line":62,"column":12},"end":{"line":62,"column":31}},{"start":{},"end":{}}],"line":62}},"s":{"0":1,"1":1,"2":0,"3":0,"4":0,"5":0,"6":0,"7":0,"8":0,"9":0,"10":0,"11":0,"12":0,"13":0,"14":0,"15":0,"16":0,"17":0,"18":0,"19":0,"20":0,"21":0,"22":0,"23":0,"24":0,"25":0,"26":0,"27":0,"28":0,"29":0,"30":0,"31":0,"32":0},"f":{"0":0,"1":0,"2":0,"3":0,"4":0,"5":0,"6":0,"7":0,"8":0,"9":0,"10":0,"11":0},"b":{"0":[0,0],"1":[0,0],"2":[0,0],"3":[0,0],"4":[0,0],"5":[0,0],"6":[0,0],"7":[0,0]},"_coverageSchema":"1a1c01bbd47fc00a2c39e90264f33305004495a9","hash":"c59455a5aa8af49264edb4ed80b735c8f915bc46"}
,"/home/kali/Desktop/SR10/myapp/routes/index.js": {"path":"/home/kali/Desktop/SR10/myapp/routes/index.js","statementMap":{"0":{"start":{"line":1,"column":14},"end":{"line":1,"column":32}},"1":{"start":{"line":2,"column":13},"end":{"line":2,"column":29}},"2":{"start":{"line":5,"column":0},"end":{"line":7,"column":3}},"3":{"start":{"line":6,"column":2},"end":{"line":6,"column":44}},"4":{"start":{"line":9,"column":0},"end":{"line":9,"column":24}}},"fnMap":{"0":{"name":"(anonymous_0)","decl":{"start":{"line":5,"column":16},"end":{"line":5,"column":17}},"loc":{"start":{"line":5,"column":41},"end":{"line":7,"column":1}},"line":5}},"branchMap":{},"s":{"0":1,"1":1,"2":1,"3":1,"4":1},"f":{"0":1},"b":{},"_coverageSchema":"1a1c01bbd47fc00a2c39e90264f33305004495a9","hash":"f1669e94993978a5fa9cb17a63282ea8ee0d66a6"}
,"/home/kali/Desktop/SR10/myapp/routes/users.js": {"path":"/home/kali/Desktop/SR10/myapp/routes/users.js","statementMap":{"0":{"start":{"line":1,"column":14},"end":{"line":1,"column":32}},"1":{"start":{"line":2,"column":13},"end":{"line":2,"column":29}},"2":{"start":{"line":3,"column":17},"end":{"line":3,"column":48}},"3":{"start":{"line":5,"column":0},"end":{"line":9,"column":3}},"4":{"start":{"line":6,"column":2},"end":{"line":8,"column":5}},"5":{"start":{"line":7,"column":4},"end":{"line":7,"column":88}},"6":{"start":{"line":12,"column":0},"end":{"line":12,"column":24}}},"fnMap":{"0":{"name":"(anonymous_0)","decl":{"start":{"line":5,"column":16},"end":{"line":5,"column":17}},"loc":{"start":{"line":5,"column":42},"end":{"line":9,"column":1}},"line":5},"1":{"name":"(anonymous_1)","decl":{"start":{"line":6,"column":27},"end":{"line":6,"column":28}},"loc":{"start":{"line":6,"column":43},"end":{"line":8,"column":3}},"line":6}},"branchMap":{},"s":{"0":1,"1":1,"2":1,"3":1,"4":0,"5":0,"6":1},"f":{"0":0,"1":0},"b":{},"_coverageSchema":"1a1c01bbd47fc00a2c39e90264f33305004495a9","hash":"b487b43a407994564ceb1a9cc30c1b1773f68653"}
}